<?xml version="1.0" encoding="UTF-8"?>
<!-- Generated by org.testng.reporters.JUnitReportReporter -->
<testsuite skipped="0" hostname="LKB-L-091" name="TrainingSession.TestngMain" tests="1" failures="0" timestamp="07 Feb 2019 13:26:35 GMT" time="3.426" errors="0">
  <testcase name="GetAlllinksandclick" time="3.426" classname="TrainingSession.TestngMain"/>
</testsuite> <!-- TrainingSession.TestngMain -->
