<?xml version="1.0" encoding="UTF-8"?>
<!-- Generated by org.testng.reporters.JUnitReportReporter -->
<testsuite skipped="0" hostname="LKB-L-091" name="Modules.AnnotationStudyTestNg" tests="2" failures="0" timestamp="31 Oct 2019 10:15:45 GMT" time="57.141" errors="0">
  <testcase name="search" time="33.350" classname="Modules.AnnotationStudyTestNg"/>
  <testcase name="search1" time="23.791" classname="Modules.AnnotationStudyTestNg"/>
</testsuite> <!-- Modules.AnnotationStudyTestNg -->
